<?xml version="1.0" encoding="UTF-8"?>
<!-- Generated by org.testng.reporters.JUnitXMLReporter -->
<testsuite hostname="bawa-b-w7n" tests="2" failures="0" timestamp="13 Mar 2016 15:36:22 GMT" time="0.088" errors="0">
  <testcase name="@BeforeTest beforeTest" time="0.0" classname="UnderAllAnnotations">
    <skipped/>
  </testcase> <!-- @BeforeTest beforeTest -->
  <testcase name="@BeforeClass beforeClass" time="0.0" classname="UnderAllAnnotations">
    <skipped/>
  </testcase> <!-- @BeforeClass beforeClass -->
  <testcase name="@BeforeMethod beforeMethod" time="0.0" classname="UnderAllAnnotations">
    <skipped/>
  </testcase> <!-- @BeforeMethod beforeMethod -->
  <testcase name="@AfterMethod afterMethod" time="0.0" classname="UnderAllAnnotations">
    <skipped/>
  </testcase> <!-- @AfterMethod afterMethod -->
  <testcase name="@BeforeMethod beforeMethod" time="0.0" classname="UnderAllAnnotations">
    <skipped/>
  </testcase> <!-- @BeforeMethod beforeMethod -->
  <testcase name="@AfterMethod afterMethod" time="0.0" classname="UnderAllAnnotations">
    <skipped/>
  </testcase> <!-- @AfterMethod afterMethod -->
  <testcase name="@AfterClass afterClass" time="0.0" classname="UnderAllAnnotations">
    <skipped/>
  </testcase> <!-- @AfterClass afterClass -->
  <testcase name="@AfterTest afterTest" time="0.0" classname="UnderAllAnnotations">
    <skipped/>
  </testcase> <!-- @AfterTest afterTest -->
  <testcase name="FirstTestScript" time="0.001" classname="UnderAllAnnotations">
    <skipped/>
  </testcase> <!-- FirstTestScript -->
  <testcase name="SecondTestScript" time="0.011" classname="UnderAllAnnotations">
    <skipped/>
  </testcase> <!-- SecondTestScript -->
</testsuite>
